<?xml version="1.0" encoding="UTF-8"?>
<!-- Generated by org.testng.reporters.JUnitReportReporter -->
<testsuite hostname="TYC1221031" failures="0" tests="1" name="sample.ThirdClassTest" time="0.017" errors="0" timestamp="29 Apr 2022 03:47:33 GMT" skipped="0">
  <testcase classname="sample.ThirdClassTest" name="Bye" time="0.017"/>
</testsuite> <!-- sample.ThirdClassTest -->
